2023-11-06 10:17:46.466  INFO 1660 --- [main] lavalink.server.Launcher                 : Starting Launcher using Java 11.0.19 on MacVanThanh with PID 1660 (E:\A-PTIT\Nam3\KY1\Nhóm 12\DiscordBotProject_Python\lavalink\Lavalink.jar started by ADMIN in E:\A-PTIT\Nam3\KY1\Nhóm 12\DiscordBotProject_Python\lavalink)
2023-11-06 10:17:46.496  INFO 1660 --- [main] lavalink.server.Launcher                 : No active profile set, falling back to 1 default profile: "default"
2023-11-06 10:17:47.566  INFO 1660 --- [main] lavalink.server.Launcher                 : Started Launcher in 1.951 seconds (JVM running for 2.908)
2023-11-06 10:17:47.567  INFO 1660 --- [main] lavalink.server.Launcher                 : You can safely ignore the big red warning about illegal reflection. See https://github.com/lavalink-devs/Lavalink/issues/295
2023-11-06 10:17:47.667  INFO 1660 --- [main] lavalink.server.Launcher                 : 

[32m       .  [31m _                  _ _       _    [32m__ _ _
[32m      /\\ [31m| | __ ___   ____ _| (_)_ __ | | __[32m\ \ \ \
[32m     ( ( )[31m| |/ _` \ \ / / _` | | | '_ \| |/ /[32m \ \ \ \
[32m      \\/ [31m| | (_| |\ V / (_| | | | | | |   < [32m  ) ) ) )
[32m       '  [31m|_|\__,_| \_/ \__,_|_|_|_| |_|_|\_\[32m / / / /
[0m    =========================================[32m/_/_/_/[0m

	Version:        3.7.8
	Build time:     03.08.2023 15:46:57 UTC
	Branch          HEAD
	Commit:         439f122
	Commit time:    03.08.2023 15:32:39 UTC
	JVM:            11.0.19
	Lavaplayer      1.5.0

2023-11-06 10:17:47.680  INFO 1660 --- [main] lavalink.server.Launcher                 : No active profile set, falling back to 1 default profile: "default"
2023-11-06 10:17:49.345  WARN 1660 --- [main] io.undertow.websockets.jsr               : UT026010: Buffer pool was not set on WebSocketDeploymentInfo, the default pool will be used
2023-11-06 10:17:49.380  INFO 1660 --- [main] io.undertow.servlet                      : Initializing Spring embedded WebApplicationContext
2023-11-06 10:17:49.380  INFO 1660 --- [main] w.s.c.ServletWebServerApplicationContext : Root WebApplicationContext: initialization completed in 1692 ms
2023-11-06 10:17:49.554  INFO 1660 --- [main] c.s.d.l.tools.GarbageCollectionMonitor   : GC monitoring enabled, reporting results every 2 minutes.
2023-11-06 10:17:54.208  WARN 1660 --- [main] ConfigServletWebServerApplicationContext : Exception encountered during context initialization - cancelling refresh attempt: org.springframework.beans.factory.UnsatisfiedDependencyException: Error creating bean with name 'infoRestHandler' defined in URL [jar:file:/E:/A-PTIT/Nam3/KY1/Nhóm%2012/DiscordBotProject_Python/lavalink/Lavalink.jar!/BOOT-INF/classes!/lavalink/server/info/InfoRestHandler.class]: Unsatisfied dependency expressed through constructor parameter 2; nested exception is org.springframework.beans.factory.BeanCreationException: Error creating bean with name 'audioPlayerManagerSupplier' defined in class path resource [lavalink/server/config/AudioPlayerConfiguration.class]: Bean instantiation via factory method failed; nested exception is org.springframework.beans.BeanInstantiationException: Failed to instantiate [com.sedmelluq.discord.lavaplayer.player.AudioPlayerManager]: Factory method 'audioPlayerManagerSupplier' threw exception; nested exception is com.sedmelluq.discord.lavaplayer.tools.FriendlyException: Loading Twitch main page failed.
2023-11-06 10:17:54.225 ERROR 1660 --- [main] lavalink.server.Launcher                 : Application failed

org.springframework.beans.factory.UnsatisfiedDependencyException: Error creating bean with name 'infoRestHandler' defined in URL [jar:file:/E:/A-PTIT/Nam3/KY1/Nhóm%2012/DiscordBotProject_Python/lavalink/Lavalink.jar!/BOOT-INF/classes!/lavalink/server/info/InfoRestHandler.class]: Unsatisfied dependency expressed through constructor parameter 2; nested exception is org.springframework.beans.factory.BeanCreationException: Error creating bean with name 'audioPlayerManagerSupplier' defined in class path resource [lavalink/server/config/AudioPlayerConfiguration.class]: Bean instantiation via factory method failed; nested exception is org.springframework.beans.BeanInstantiationException: Failed to instantiate [com.sedmelluq.discord.lavaplayer.player.AudioPlayerManager]: Factory method 'audioPlayerManagerSupplier' threw exception; nested exception is com.sedmelluq.discord.lavaplayer.tools.FriendlyException: Loading Twitch main page failed.
	at org.springframework.beans.factory.support.ConstructorResolver.createArgumentArray(ConstructorResolver.java:800) ~[spring-beans-5.3.18.jar!/:5.3.18]
	at org.springframework.beans.factory.support.ConstructorResolver.autowireConstructor(ConstructorResolver.java:229) ~[spring-beans-5.3.18.jar!/:5.3.18]
	at org.springframework.beans.factory.support.AbstractAutowireCapableBeanFactory.autowireConstructor(AbstractAutowireCapableBeanFactory.java:1372) ~[spring-beans-5.3.18.jar!/:5.3.18]
	at org.springframework.beans.factory.support.AbstractAutowireCapableBeanFactory.createBeanInstance(AbstractAutowireCapableBeanFactory.java:1222) ~[spring-beans-5.3.18.jar!/:5.3.18]
	at org.springframework.beans.factory.support.AbstractAutowireCapableBeanFactory.doCreateBean(AbstractAutowireCapableBeanFactory.java:582) ~[spring-beans-5.3.18.jar!/:5.3.18]
	at org.springframework.beans.factory.support.AbstractAutowireCapableBeanFactory.createBean(AbstractAutowireCapableBeanFactory.java:542) ~[spring-beans-5.3.18.jar!/:5.3.18]
	at org.springframework.beans.factory.support.AbstractBeanFactory.lambda$doGetBean$0(AbstractBeanFactory.java:335) ~[spring-beans-5.3.18.jar!/:5.3.18]
	at org.springframework.beans.factory.support.DefaultSingletonBeanRegistry.getSingleton(DefaultSingletonBeanRegistry.java:234) ~[spring-beans-5.3.18.jar!/:5.3.18]
	at org.springframework.beans.factory.support.AbstractBeanFactory.doGetBean(AbstractBeanFactory.java:333) ~[spring-beans-5.3.18.jar!/:5.3.18]
	at org.springframework.beans.factory.support.AbstractBeanFactory.getBean(AbstractBeanFactory.java:208) ~[spring-beans-5.3.18.jar!/:5.3.18]
	at org.springframework.beans.factory.support.DefaultListableBeanFactory.preInstantiateSingletons(DefaultListableBeanFactory.java:953) ~[spring-beans-5.3.18.jar!/:5.3.18]
	at org.springframework.context.support.AbstractApplicationContext.finishBeanFactoryInitialization(AbstractApplicationContext.java:918) ~[spring-context-5.3.18.jar!/:5.3.18]
	at org.springframework.context.support.AbstractApplicationContext.refresh(AbstractApplicationContext.java:583) ~[spring-context-5.3.18.jar!/:5.3.18]
	at org.springframework.boot.web.servlet.context.ServletWebServerApplicationContext.refresh(ServletWebServerApplicationContext.java:145) ~[spring-boot-2.6.6.jar!/:2.6.6]
	at org.springframework.boot.SpringApplication.refresh(SpringApplication.java:740) ~[spring-boot-2.6.6.jar!/:2.6.6]
	at org.springframework.boot.SpringApplication.refreshContext(SpringApplication.java:415) ~[spring-boot-2.6.6.jar!/:2.6.6]
	at org.springframework.boot.SpringApplication.run(SpringApplication.java:303) ~[spring-boot-2.6.6.jar!/:2.6.6]
	at org.springframework.boot.builder.SpringApplicationBuilder.run(SpringApplicationBuilder.java:164) ~[spring-boot-2.6.6.jar!/:2.6.6]
	at lavalink.server.Launcher.launchMain(Launcher.kt:165) ~[classes!/:na]
	at lavalink.server.Launcher.main(Launcher.kt:127) ~[classes!/:na]
	at java.base/jdk.internal.reflect.NativeMethodAccessorImpl.invoke0(Native Method) ~[na:na]
	at java.base/jdk.internal.reflect.NativeMethodAccessorImpl.invoke(NativeMethodAccessorImpl.java:62) ~[na:na]
	at java.base/jdk.internal.reflect.DelegatingMethodAccessorImpl.invoke(DelegatingMethodAccessorImpl.java:43) ~[na:na]
	at java.base/java.lang.reflect.Method.invoke(Method.java:566) ~[na:na]
	at org.springframework.boot.loader.MainMethodRunner.run(MainMethodRunner.java:49) ~[Lavalink.jar:na]
	at org.springframework.boot.loader.Launcher.launch(Launcher.java:108) ~[Lavalink.jar:na]
	at org.springframework.boot.loader.Launcher.launch(Launcher.java:58) ~[Lavalink.jar:na]
	at org.springframework.boot.loader.JarLauncher.main(JarLauncher.java:88) ~[Lavalink.jar:na]
Caused by: org.springframework.beans.factory.BeanCreationException: Error creating bean with name 'audioPlayerManagerSupplier' defined in class path resource [lavalink/server/config/AudioPlayerConfiguration.class]: Bean instantiation via factory method failed; nested exception is org.springframework.beans.BeanInstantiationException: Failed to instantiate [com.sedmelluq.discord.lavaplayer.player.AudioPlayerManager]: Factory method 'audioPlayerManagerSupplier' threw exception; nested exception is com.sedmelluq.discord.lavaplayer.tools.FriendlyException: Loading Twitch main page failed.
	at org.springframework.beans.factory.support.ConstructorResolver.instantiate(ConstructorResolver.java:658) ~[spring-beans-5.3.18.jar!/:5.3.18]
	at org.springframework.beans.factory.support.ConstructorResolver.instantiateUsingFactoryMethod(ConstructorResolver.java:638) ~[spring-beans-5.3.18.jar!/:5.3.18]
	at org.springframework.beans.factory.support.AbstractAutowireCapableBeanFactory.instantiateUsingFactoryMethod(AbstractAutowireCapableBeanFactory.java:1352) ~[spring-beans-5.3.18.jar!/:5.3.18]
	at org.springframework.beans.factory.support.AbstractAutowireCapableBeanFactory.createBeanInstance(AbstractAutowireCapableBeanFactory.java:1195) ~[spring-beans-5.3.18.jar!/:5.3.18]
	at org.springframework.beans.factory.support.AbstractAutowireCapableBeanFactory.doCreateBean(AbstractAutowireCapableBeanFactory.java:582) ~[spring-beans-5.3.18.jar!/:5.3.18]
	at org.springframework.beans.factory.support.AbstractAutowireCapableBeanFactory.createBean(AbstractAutowireCapableBeanFactory.java:542) ~[spring-beans-5.3.18.jar!/:5.3.18]
	at org.springframework.beans.factory.support.AbstractBeanFactory.lambda$doGetBean$0(AbstractBeanFactory.java:335) ~[spring-beans-5.3.18.jar!/:5.3.18]
	at org.springframework.beans.factory.support.DefaultSingletonBeanRegistry.getSingleton(DefaultSingletonBeanRegistry.java:234) ~[spring-beans-5.3.18.jar!/:5.3.18]
	at org.springframework.beans.factory.support.AbstractBeanFactory.doGetBean(AbstractBeanFactory.java:333) ~[spring-beans-5.3.18.jar!/:5.3.18]
	at org.springframework.beans.factory.support.AbstractBeanFactory.getBean(AbstractBeanFactory.java:208) ~[spring-beans-5.3.18.jar!/:5.3.18]
	at org.springframework.beans.factory.config.DependencyDescriptor.resolveCandidate(DependencyDescriptor.java:276) ~[spring-beans-5.3.18.jar!/:5.3.18]
	at org.springframework.beans.factory.support.DefaultListableBeanFactory.doResolveDependency(DefaultListableBeanFactory.java:1389) ~[spring-beans-5.3.18.jar!/:5.3.18]
	at org.springframework.beans.factory.support.DefaultListableBeanFactory.resolveDependency(DefaultListableBeanFactory.java:1309) ~[spring-beans-5.3.18.jar!/:5.3.18]
	at org.springframework.beans.factory.support.ConstructorResolver.resolveAutowiredArgument(ConstructorResolver.java:887) ~[spring-beans-5.3.18.jar!/:5.3.18]
	at org.springframework.beans.factory.support.ConstructorResolver.createArgumentArray(ConstructorResolver.java:791) ~[spring-beans-5.3.18.jar!/:5.3.18]
	... 27 common frames omitted
Caused by: org.springframework.beans.BeanInstantiationException: Failed to instantiate [com.sedmelluq.discord.lavaplayer.player.AudioPlayerManager]: Factory method 'audioPlayerManagerSupplier' threw exception; nested exception is com.sedmelluq.discord.lavaplayer.tools.FriendlyException: Loading Twitch main page failed.
	at org.springframework.beans.factory.support.SimpleInstantiationStrategy.instantiate(SimpleInstantiationStrategy.java:185) ~[spring-beans-5.3.18.jar!/:5.3.18]
	at org.springframework.beans.factory.support.ConstructorResolver.instantiate(ConstructorResolver.java:653) ~[spring-beans-5.3.18.jar!/:5.3.18]
	... 41 common frames omitted
Caused by: com.sedmelluq.discord.lavaplayer.tools.FriendlyException: Loading Twitch main page failed.
	at com.sedmelluq.discord.lavaplayer.source.twitch.TwitchStreamAudioSourceManager.initRequestHeaders(TwitchStreamAudioSourceManager.java:205) ~[lavaplayer-1.5.0.jar!/:na]
	at com.sedmelluq.discord.lavaplayer.source.twitch.TwitchStreamAudioSourceManager.<init>(TwitchStreamAudioSourceManager.java:58) ~[lavaplayer-1.5.0.jar!/:na]
	at lavalink.server.config.AudioPlayerConfiguration.audioPlayerManagerSupplier(AudioPlayerConfiguration.kt:157) ~[classes!/:na]
	at lavalink.server.config.AudioPlayerConfiguration$$EnhancerBySpringCGLIB$$40dee2ea.CGLIB$audioPlayerManagerSupplier$0(<generated>) ~[classes!/:na]
	at lavalink.server.config.AudioPlayerConfiguration$$EnhancerBySpringCGLIB$$40dee2ea$$FastClassBySpringCGLIB$$609095eb.invoke(<generated>) ~[classes!/:na]
	at org.springframework.cglib.proxy.MethodProxy.invokeSuper(MethodProxy.java:244) ~[spring-core-5.3.18.jar!/:5.3.18]
	at org.springframework.context.annotation.ConfigurationClassEnhancer$BeanMethodInterceptor.intercept(ConfigurationClassEnhancer.java:331) ~[spring-context-5.3.18.jar!/:5.3.18]
	at lavalink.server.config.AudioPlayerConfiguration$$EnhancerBySpringCGLIB$$40dee2ea.audioPlayerManagerSupplier(<generated>) ~[classes!/:na]
	at java.base/jdk.internal.reflect.NativeMethodAccessorImpl.invoke0(Native Method) ~[na:na]
	at java.base/jdk.internal.reflect.NativeMethodAccessorImpl.invoke(NativeMethodAccessorImpl.java:62) ~[na:na]
	at java.base/jdk.internal.reflect.DelegatingMethodAccessorImpl.invoke(DelegatingMethodAccessorImpl.java:43) ~[na:na]
	at java.base/java.lang.reflect.Method.invoke(Method.java:566) ~[na:na]
	at org.springframework.beans.factory.support.SimpleInstantiationStrategy.instantiate(SimpleInstantiationStrategy.java:154) ~[spring-beans-5.3.18.jar!/:5.3.18]
	... 42 common frames omitted
	Suppressed: com.sedmelluq.discord.lavaplayer.tools.exception.EnvironmentInformation: 
  lavaplayer.version: 1.5.0
  os.arch: amd64
  os.name: Windows 10
  os.version: 10.0
  java.vendor: Oracle Corporation
  java.version: 11.0.19
  java.runtime.version: 11.0.19+9-LTS-224
  java.vm.version: 11.0.19+9-LTS-224
Caused by: org.apache.http.conn.ConnectTimeoutException: Connect to www.twitch.tv:443 [www.twitch.tv/151.101.78.167] failed: Read timed out
	at com.sedmelluq.discord.lavaplayer.tools.http.ExtendedConnectionOperator.connectWithDestination(ExtendedConnectionOperator.java:162) ~[lavaplayer-1.5.0.jar!/:na]
	at com.sedmelluq.discord.lavaplayer.tools.http.ExtendedConnectionOperator.connect(ExtendedConnectionOperator.java:81) ~[lavaplayer-1.5.0.jar!/:na]
	at org.apache.http.impl.conn.PoolingHttpClientConnectionManager.connect(PoolingHttpClientConnectionManager.java:374) ~[httpclient-4.5.10.jar!/:4.5.10]
	at org.apache.http.impl.execchain.MainClientExec.establishRoute(MainClientExec.java:393) ~[httpclient-4.5.10.jar!/:4.5.10]
	at org.apache.http.impl.execchain.MainClientExec.execute(MainClientExec.java:236) ~[httpclient-4.5.10.jar!/:4.5.10]
	at org.apache.http.impl.execchain.ProtocolExec.execute(ProtocolExec.java:186) ~[httpclient-4.5.10.jar!/:4.5.10]
	at org.apache.http.impl.execchain.RetryExec.execute(RetryExec.java:89) ~[httpclient-4.5.10.jar!/:4.5.10]
	at org.apache.http.impl.execchain.RedirectExec.execute(RedirectExec.java:110) ~[httpclient-4.5.10.jar!/:4.5.10]
	at org.apache.http.impl.client.InternalHttpClient.doExecute(InternalHttpClient.java:185) ~[httpclient-4.5.10.jar!/:4.5.10]
	at org.apache.http.impl.client.CloseableHttpClient.execute(CloseableHttpClient.java:83) ~[httpclient-4.5.10.jar!/:4.5.10]
	at com.sedmelluq.discord.lavaplayer.tools.io.HttpInterface.execute(HttpInterface.java:72) ~[lavaplayer-1.5.0.jar!/:na]
	at com.sedmelluq.discord.lavaplayer.source.twitch.TwitchStreamAudioSourceManager.initRequestHeaders(TwitchStreamAudioSourceManager.java:193) ~[lavaplayer-1.5.0.jar!/:na]
	... 54 common frames omitted
	Suppressed: com.sedmelluq.discord.lavaplayer.tools.http.ExtendedConnectionOperator$AdditionalDetails: Encountered when opening a connection with the following details:
  host: https://www.twitch.tv:443
  localAddress: <unspecified>
  remoteAddress: www.twitch.tv/151.101.78.167:443
  connectTimeout: 3000
  triedAddresses: www.twitch.tv/151.101.78.167
Caused by: java.net.SocketTimeoutException: Read timed out
	at java.base/java.net.SocketInputStream.socketRead0(Native Method) ~[na:na]
	at java.base/java.net.SocketInputStream.socketRead(SocketInputStream.java:115) ~[na:na]
	at java.base/java.net.SocketInputStream.read(SocketInputStream.java:168) ~[na:na]
	at java.base/java.net.SocketInputStream.read(SocketInputStream.java:140) ~[na:na]
	at java.base/sun.security.ssl.SSLSocketInputRecord.read(SSLSocketInputRecord.java:484) ~[na:na]
	at java.base/sun.security.ssl.SSLSocketInputRecord.readFully(SSLSocketInputRecord.java:467) ~[na:na]
	at java.base/sun.security.ssl.SSLSocketInputRecord.decodeInputRecord(SSLSocketInputRecord.java:243) ~[na:na]
	at java.base/sun.security.ssl.SSLSocketInputRecord.decode(SSLSocketInputRecord.java:181) ~[na:na]
	at java.base/sun.security.ssl.SSLTransport.decode(SSLTransport.java:111) ~[na:na]
	at java.base/sun.security.ssl.SSLSocketImpl.decode(SSLSocketImpl.java:1383) ~[na:na]
	at java.base/sun.security.ssl.SSLSocketImpl.readHandshakeRecord(SSLSocketImpl.java:1296) ~[na:na]
	at java.base/sun.security.ssl.SSLSocketImpl.startHandshake(SSLSocketImpl.java:416) ~[na:na]
	at java.base/sun.security.ssl.SSLSocketImpl.startHandshake(SSLSocketImpl.java:388) ~[na:na]
	at org.apache.http.conn.ssl.SSLConnectionSocketFactory.createLayeredSocket(SSLConnectionSocketFactory.java:436) ~[httpclient-4.5.10.jar!/:4.5.10]
	at org.apache.http.conn.ssl.SSLConnectionSocketFactory.connectSocket(SSLConnectionSocketFactory.java:384) ~[httpclient-4.5.10.jar!/:4.5.10]
	at com.sedmelluq.discord.lavaplayer.tools.http.ExtendedConnectionOperator.connectWithDestination(ExtendedConnectionOperator.java:157) ~[lavaplayer-1.5.0.jar!/:na]
	... 65 common frames omitted

2023-11-06 10:17:54.291  INFO 1660 --- [main] ConditionEvaluationReportLoggingListener : 

Error starting ApplicationContext. To display the conditions report re-run your application with 'debug' enabled.
2023-11-06 10:17:54.332 ERROR 1660 --- [main] o.s.boot.SpringApplication               : Application run failed

org.springframework.beans.factory.UnsatisfiedDependencyException: Error creating bean with name 'infoRestHandler' defined in URL [jar:file:/E:/A-PTIT/Nam3/KY1/Nhóm%2012/DiscordBotProject_Python/lavalink/Lavalink.jar!/BOOT-INF/classes!/lavalink/server/info/InfoRestHandler.class]: Unsatisfied dependency expressed through constructor parameter 2; nested exception is org.springframework.beans.factory.BeanCreationException: Error creating bean with name 'audioPlayerManagerSupplier' defined in class path resource [lavalink/server/config/AudioPlayerConfiguration.class]: Bean instantiation via factory method failed; nested exception is org.springframework.beans.BeanInstantiationException: Failed to instantiate [com.sedmelluq.discord.lavaplayer.player.AudioPlayerManager]: Factory method 'audioPlayerManagerSupplier' threw exception; nested exception is com.sedmelluq.discord.lavaplayer.tools.FriendlyException: Loading Twitch main page failed.
	at org.springframework.beans.factory.support.ConstructorResolver.createArgumentArray(ConstructorResolver.java:800) ~[spring-beans-5.3.18.jar!/:5.3.18]
	at org.springframework.beans.factory.support.ConstructorResolver.autowireConstructor(ConstructorResolver.java:229) ~[spring-beans-5.3.18.jar!/:5.3.18]
	at org.springframework.beans.factory.support.AbstractAutowireCapableBeanFactory.autowireConstructor(AbstractAutowireCapableBeanFactory.java:1372) ~[spring-beans-5.3.18.jar!/:5.3.18]
	at org.springframework.beans.factory.support.AbstractAutowireCapableBeanFactory.createBeanInstance(AbstractAutowireCapableBeanFactory.java:1222) ~[spring-beans-5.3.18.jar!/:5.3.18]
	at org.springframework.beans.factory.support.AbstractAutowireCapableBeanFactory.doCreateBean(AbstractAutowireCapableBeanFactory.java:582) ~[spring-beans-5.3.18.jar!/:5.3.18]
	at org.springframework.beans.factory.support.AbstractAutowireCapableBeanFactory.createBean(AbstractAutowireCapableBeanFactory.java:542) ~[spring-beans-5.3.18.jar!/:5.3.18]
	at org.springframework.beans.factory.support.AbstractBeanFactory.lambda$doGetBean$0(AbstractBeanFactory.java:335) ~[spring-beans-5.3.18.jar!/:5.3.18]
	at org.springframework.beans.factory.support.DefaultSingletonBeanRegistry.getSingleton(DefaultSingletonBeanRegistry.java:234) ~[spring-beans-5.3.18.jar!/:5.3.18]
	at org.springframework.beans.factory.support.AbstractBeanFactory.doGetBean(AbstractBeanFactory.java:333) ~[spring-beans-5.3.18.jar!/:5.3.18]
	at org.springframework.beans.factory.support.AbstractBeanFactory.getBean(AbstractBeanFactory.java:208) ~[spring-beans-5.3.18.jar!/:5.3.18]
	at org.springframework.beans.factory.support.DefaultListableBeanFactory.preInstantiateSingletons(DefaultListableBeanFactory.java:953) ~[spring-beans-5.3.18.jar!/:5.3.18]
	at org.springframework.context.support.AbstractApplicationContext.finishBeanFactoryInitialization(AbstractApplicationContext.java:918) ~[spring-context-5.3.18.jar!/:5.3.18]
	at org.springframework.context.support.AbstractApplicationContext.refresh(AbstractApplicationContext.java:583) ~[spring-context-5.3.18.jar!/:5.3.18]
	at org.springframework.boot.web.servlet.context.ServletWebServerApplicationContext.refresh(ServletWebServerApplicationContext.java:145) ~[spring-boot-2.6.6.jar!/:2.6.6]
	at org.springframework.boot.SpringApplication.refresh(SpringApplication.java:740) ~[spring-boot-2.6.6.jar!/:2.6.6]
	at org.springframework.boot.SpringApplication.refreshContext(SpringApplication.java:415) ~[spring-boot-2.6.6.jar!/:2.6.6]
	at org.springframework.boot.SpringApplication.run(SpringApplication.java:303) ~[spring-boot-2.6.6.jar!/:2.6.6]
	at org.springframework.boot.builder.SpringApplicationBuilder.run(SpringApplicationBuilder.java:164) ~[spring-boot-2.6.6.jar!/:2.6.6]
	at lavalink.server.Launcher.launchMain(Launcher.kt:165) ~[classes!/:na]
	at lavalink.server.Launcher.main(Launcher.kt:127) ~[classes!/:na]
	at java.base/jdk.internal.reflect.NativeMethodAccessorImpl.invoke0(Native Method) ~[na:na]
	at java.base/jdk.internal.reflect.NativeMethodAccessorImpl.invoke(NativeMethodAccessorImpl.java:62) ~[na:na]
	at java.base/jdk.internal.reflect.DelegatingMethodAccessorImpl.invoke(DelegatingMethodAccessorImpl.java:43) ~[na:na]
	at java.base/java.lang.reflect.Method.invoke(Method.java:566) ~[na:na]
	at org.springframework.boot.loader.MainMethodRunner.run(MainMethodRunner.java:49) ~[Lavalink.jar:na]
	at org.springframework.boot.loader.Launcher.launch(Launcher.java:108) ~[Lavalink.jar:na]
	at org.springframework.boot.loader.Launcher.launch(Launcher.java:58) ~[Lavalink.jar:na]
	at org.springframework.boot.loader.JarLauncher.main(JarLauncher.java:88) ~[Lavalink.jar:na]
Caused by: org.springframework.beans.factory.BeanCreationException: Error creating bean with name 'audioPlayerManagerSupplier' defined in class path resource [lavalink/server/config/AudioPlayerConfiguration.class]: Bean instantiation via factory method failed; nested exception is org.springframework.beans.BeanInstantiationException: Failed to instantiate [com.sedmelluq.discord.lavaplayer.player.AudioPlayerManager]: Factory method 'audioPlayerManagerSupplier' threw exception; nested exception is com.sedmelluq.discord.lavaplayer.tools.FriendlyException: Loading Twitch main page failed.
	at org.springframework.beans.factory.support.ConstructorResolver.instantiate(ConstructorResolver.java:658) ~[spring-beans-5.3.18.jar!/:5.3.18]
	at org.springframework.beans.factory.support.ConstructorResolver.instantiateUsingFactoryMethod(ConstructorResolver.java:638) ~[spring-beans-5.3.18.jar!/:5.3.18]
	at org.springframework.beans.factory.support.AbstractAutowireCapableBeanFactory.instantiateUsingFactoryMethod(AbstractAutowireCapableBeanFactory.java:1352) ~[spring-beans-5.3.18.jar!/:5.3.18]
	at org.springframework.beans.factory.support.AbstractAutowireCapableBeanFactory.createBeanInstance(AbstractAutowireCapableBeanFactory.java:1195) ~[spring-beans-5.3.18.jar!/:5.3.18]
	at org.springframework.beans.factory.support.AbstractAutowireCapableBeanFactory.doCreateBean(AbstractAutowireCapableBeanFactory.java:582) ~[spring-beans-5.3.18.jar!/:5.3.18]
	at org.springframework.beans.factory.support.AbstractAutowireCapableBeanFactory.createBean(AbstractAutowireCapableBeanFactory.java:542) ~[spring-beans-5.3.18.jar!/:5.3.18]
	at org.springframework.beans.factory.support.AbstractBeanFactory.lambda$doGetBean$0(AbstractBeanFactory.java:335) ~[spring-beans-5.3.18.jar!/:5.3.18]
	at org.springframework.beans.factory.support.DefaultSingletonBeanRegistry.getSingleton(DefaultSingletonBeanRegistry.java:234) ~[spring-beans-5.3.18.jar!/:5.3.18]
	at org.springframework.beans.factory.support.AbstractBeanFactory.doGetBean(AbstractBeanFactory.java:333) ~[spring-beans-5.3.18.jar!/:5.3.18]
	at org.springframework.beans.factory.support.AbstractBeanFactory.getBean(AbstractBeanFactory.java:208) ~[spring-beans-5.3.18.jar!/:5.3.18]
	at org.springframework.beans.factory.config.DependencyDescriptor.resolveCandidate(DependencyDescriptor.java:276) ~[spring-beans-5.3.18.jar!/:5.3.18]
	at org.springframework.beans.factory.support.DefaultListableBeanFactory.doResolveDependency(DefaultListableBeanFactory.java:1389) ~[spring-beans-5.3.18.jar!/:5.3.18]
	at org.springframework.beans.factory.support.DefaultListableBeanFactory.resolveDependency(DefaultListableBeanFactory.java:1309) ~[spring-beans-5.3.18.jar!/:5.3.18]
	at org.springframework.beans.factory.support.ConstructorResolver.resolveAutowiredArgument(ConstructorResolver.java:887) ~[spring-beans-5.3.18.jar!/:5.3.18]
	at org.springframework.beans.factory.support.ConstructorResolver.createArgumentArray(ConstructorResolver.java:791) ~[spring-beans-5.3.18.jar!/:5.3.18]
	... 27 common frames omitted
Caused by: org.springframework.beans.BeanInstantiationException: Failed to instantiate [com.sedmelluq.discord.lavaplayer.player.AudioPlayerManager]: Factory method 'audioPlayerManagerSupplier' threw exception; nested exception is com.sedmelluq.discord.lavaplayer.tools.FriendlyException: Loading Twitch main page failed.
	at org.springframework.beans.factory.support.SimpleInstantiationStrategy.instantiate(SimpleInstantiationStrategy.java:185) ~[spring-beans-5.3.18.jar!/:5.3.18]
	at org.springframework.beans.factory.support.ConstructorResolver.instantiate(ConstructorResolver.java:653) ~[spring-beans-5.3.18.jar!/:5.3.18]
	... 41 common frames omitted
Caused by: com.sedmelluq.discord.lavaplayer.tools.FriendlyException: Loading Twitch main page failed.
	at com.sedmelluq.discord.lavaplayer.source.twitch.TwitchStreamAudioSourceManager.initRequestHeaders(TwitchStreamAudioSourceManager.java:205) ~[lavaplayer-1.5.0.jar!/:na]
	at com.sedmelluq.discord.lavaplayer.source.twitch.TwitchStreamAudioSourceManager.<init>(TwitchStreamAudioSourceManager.java:58) ~[lavaplayer-1.5.0.jar!/:na]
	at lavalink.server.config.AudioPlayerConfiguration.audioPlayerManagerSupplier(AudioPlayerConfiguration.kt:157) ~[classes!/:na]
	at lavalink.server.config.AudioPlayerConfiguration$$EnhancerBySpringCGLIB$$40dee2ea.CGLIB$audioPlayerManagerSupplier$0(<generated>) ~[classes!/:na]
	at lavalink.server.config.AudioPlayerConfiguration$$EnhancerBySpringCGLIB$$40dee2ea$$FastClassBySpringCGLIB$$609095eb.invoke(<generated>) ~[classes!/:na]
	at org.springframework.cglib.proxy.MethodProxy.invokeSuper(MethodProxy.java:244) ~[spring-core-5.3.18.jar!/:5.3.18]
	at org.springframework.context.annotation.ConfigurationClassEnhancer$BeanMethodInterceptor.intercept(ConfigurationClassEnhancer.java:331) ~[spring-context-5.3.18.jar!/:5.3.18]
	at lavalink.server.config.AudioPlayerConfiguration$$EnhancerBySpringCGLIB$$40dee2ea.audioPlayerManagerSupplier(<generated>) ~[classes!/:na]
	at java.base/jdk.internal.reflect.NativeMethodAccessorImpl.invoke0(Native Method) ~[na:na]
	at java.base/jdk.internal.reflect.NativeMethodAccessorImpl.invoke(NativeMethodAccessorImpl.java:62) ~[na:na]
	at java.base/jdk.internal.reflect.DelegatingMethodAccessorImpl.invoke(DelegatingMethodAccessorImpl.java:43) ~[na:na]
	at java.base/java.lang.reflect.Method.invoke(Method.java:566) ~[na:na]
	at org.springframework.beans.factory.support.SimpleInstantiationStrategy.instantiate(SimpleInstantiationStrategy.java:154) ~[spring-beans-5.3.18.jar!/:5.3.18]
	... 42 common frames omitted
	Suppressed: com.sedmelluq.discord.lavaplayer.tools.exception.EnvironmentInformation: 
  lavaplayer.version: 1.5.0
  os.arch: amd64
  os.name: Windows 10
  os.version: 10.0
  java.vendor: Oracle Corporation
  java.version: 11.0.19
  java.runtime.version: 11.0.19+9-LTS-224
  java.vm.version: 11.0.19+9-LTS-224
Caused by: org.apache.http.conn.ConnectTimeoutException: Connect to www.twitch.tv:443 [www.twitch.tv/151.101.78.167] failed: Read timed out
	at com.sedmelluq.discord.lavaplayer.tools.http.ExtendedConnectionOperator.connectWithDestination(ExtendedConnectionOperator.java:162) ~[lavaplayer-1.5.0.jar!/:na]
	at com.sedmelluq.discord.lavaplayer.tools.http.ExtendedConnectionOperator.connect(ExtendedConnectionOperator.java:81) ~[lavaplayer-1.5.0.jar!/:na]
	at org.apache.http.impl.conn.PoolingHttpClientConnectionManager.connect(PoolingHttpClientConnectionManager.java:374) ~[httpclient-4.5.10.jar!/:4.5.10]
	at org.apache.http.impl.execchain.MainClientExec.establishRoute(MainClientExec.java:393) ~[httpclient-4.5.10.jar!/:4.5.10]
	at org.apache.http.impl.execchain.MainClientExec.execute(MainClientExec.java:236) ~[httpclient-4.5.10.jar!/:4.5.10]
	at org.apache.http.impl.execchain.ProtocolExec.execute(ProtocolExec.java:186) ~[httpclient-4.5.10.jar!/:4.5.10]
	at org.apache.http.impl.execchain.RetryExec.execute(RetryExec.java:89) ~[httpclient-4.5.10.jar!/:4.5.10]
	at org.apache.http.impl.execchain.RedirectExec.execute(RedirectExec.java:110) ~[httpclient-4.5.10.jar!/:4.5.10]
	at org.apache.http.impl.client.InternalHttpClient.doExecute(InternalHttpClient.java:185) ~[httpclient-4.5.10.jar!/:4.5.10]
	at org.apache.http.impl.client.CloseableHttpClient.execute(CloseableHttpClient.java:83) ~[httpclient-4.5.10.jar!/:4.5.10]
	at com.sedmelluq.discord.lavaplayer.tools.io.HttpInterface.execute(HttpInterface.java:72) ~[lavaplayer-1.5.0.jar!/:na]
	at com.sedmelluq.discord.lavaplayer.source.twitch.TwitchStreamAudioSourceManager.initRequestHeaders(TwitchStreamAudioSourceManager.java:193) ~[lavaplayer-1.5.0.jar!/:na]
	... 54 common frames omitted
	Suppressed: com.sedmelluq.discord.lavaplayer.tools.http.ExtendedConnectionOperator$AdditionalDetails: Encountered when opening a connection with the following details:
  host: https://www.twitch.tv:443
  localAddress: <unspecified>
  remoteAddress: www.twitch.tv/151.101.78.167:443
  connectTimeout: 3000
  triedAddresses: www.twitch.tv/151.101.78.167
Caused by: java.net.SocketTimeoutException: Read timed out
	at java.base/java.net.SocketInputStream.socketRead0(Native Method) ~[na:na]
	at java.base/java.net.SocketInputStream.socketRead(SocketInputStream.java:115) ~[na:na]
	at java.base/java.net.SocketInputStream.read(SocketInputStream.java:168) ~[na:na]
	at java.base/java.net.SocketInputStream.read(SocketInputStream.java:140) ~[na:na]
	at java.base/sun.security.ssl.SSLSocketInputRecord.read(SSLSocketInputRecord.java:484) ~[na:na]
	at java.base/sun.security.ssl.SSLSocketInputRecord.readFully(SSLSocketInputRecord.java:467) ~[na:na]
	at java.base/sun.security.ssl.SSLSocketInputRecord.decodeInputRecord(SSLSocketInputRecord.java:243) ~[na:na]
	at java.base/sun.security.ssl.SSLSocketInputRecord.decode(SSLSocketInputRecord.java:181) ~[na:na]
	at java.base/sun.security.ssl.SSLTransport.decode(SSLTransport.java:111) ~[na:na]
	at java.base/sun.security.ssl.SSLSocketImpl.decode(SSLSocketImpl.java:1383) ~[na:na]
	at java.base/sun.security.ssl.SSLSocketImpl.readHandshakeRecord(SSLSocketImpl.java:1296) ~[na:na]
	at java.base/sun.security.ssl.SSLSocketImpl.startHandshake(SSLSocketImpl.java:416) ~[na:na]
	at java.base/sun.security.ssl.SSLSocketImpl.startHandshake(SSLSocketImpl.java:388) ~[na:na]
	at org.apache.http.conn.ssl.SSLConnectionSocketFactory.createLayeredSocket(SSLConnectionSocketFactory.java:436) ~[httpclient-4.5.10.jar!/:4.5.10]
	at org.apache.http.conn.ssl.SSLConnectionSocketFactory.connectSocket(SSLConnectionSocketFactory.java:384) ~[httpclient-4.5.10.jar!/:4.5.10]
	at com.sedmelluq.discord.lavaplayer.tools.http.ExtendedConnectionOperator.connectWithDestination(ExtendedConnectionOperator.java:157) ~[lavaplayer-1.5.0.jar!/:na]
	... 65 common frames omitted

2023-11-06 10:18:42.724  INFO 22604 --- [main] lavalink.server.Launcher                 : Starting Launcher using Java 11.0.19 on MacVanThanh with PID 22604 (E:\A-PTIT\Nam3\KY1\Nhóm 12\DiscordBotProject_Python\lavalink\Lavalink.jar started by ADMIN in E:\A-PTIT\Nam3\KY1\Nhóm 12\DiscordBotProject_Python\lavalink)
2023-11-06 10:18:42.733  INFO 22604 --- [main] lavalink.server.Launcher                 : No active profile set, falling back to 1 default profile: "default"
2023-11-06 10:18:43.665  INFO 22604 --- [main] lavalink.server.Launcher                 : Started Launcher in 1.69 seconds (JVM running for 2.412)
2023-11-06 10:18:43.675  INFO 22604 --- [main] lavalink.server.Launcher                 : You can safely ignore the big red warning about illegal reflection. See https://github.com/lavalink-devs/Lavalink/issues/295
2023-11-06 10:18:43.798  INFO 22604 --- [main] lavalink.server.Launcher                 : 

[32m       .  [31m _                  _ _       _    [32m__ _ _
[32m      /\\ [31m| | __ ___   ____ _| (_)_ __ | | __[32m\ \ \ \
[32m     ( ( )[31m| |/ _` \ \ / / _` | | | '_ \| |/ /[32m \ \ \ \
[32m      \\/ [31m| | (_| |\ V / (_| | | | | | |   < [32m  ) ) ) )
[32m       '  [31m|_|\__,_| \_/ \__,_|_|_|_| |_|_|\_\[32m / / / /
[0m    =========================================[32m/_/_/_/[0m

	Version:        3.7.8
	Build time:     03.08.2023 15:46:57 UTC
	Branch          HEAD
	Commit:         439f122
	Commit time:    03.08.2023 15:32:39 UTC
	JVM:            11.0.19
	Lavaplayer      1.5.0

2023-11-06 10:18:43.817  INFO 22604 --- [main] lavalink.server.Launcher                 : No active profile set, falling back to 1 default profile: "default"
2023-11-06 10:18:45.364  WARN 22604 --- [main] io.undertow.websockets.jsr               : UT026010: Buffer pool was not set on WebSocketDeploymentInfo, the default pool will be used
2023-11-06 10:18:45.405  INFO 22604 --- [main] io.undertow.servlet                      : Initializing Spring embedded WebApplicationContext
2023-11-06 10:18:45.405  INFO 22604 --- [main] w.s.c.ServletWebServerApplicationContext : Root WebApplicationContext: initialization completed in 1579 ms
2023-11-06 10:18:45.614  INFO 22604 --- [main] c.s.d.l.tools.GarbageCollectionMonitor   : GC monitoring enabled, reporting results every 2 minutes.
2023-11-06 10:18:47.703  INFO 22604 --- [main] lavalink.server.config.KoeConfiguration  : OS: WINDOWS, Arch: X86_64
2023-11-06 10:18:47.711  INFO 22604 --- [main] lavalink.server.config.KoeConfiguration  : Enabling JDA-NAS
2023-11-06 10:18:47.720  INFO 22604 --- [main] c.s.l.c.natives.NativeLibraryLoader      : Native library udpqueue: loading with filter null
2023-11-06 10:18:47.738  INFO 22604 --- [main] c.s.l.c.natives.NativeLibraryLoader      : Native library udpqueue: successfully loaded.
2023-11-06 10:18:47.829  WARN 22604 --- [main] l.server.config.SentryConfiguration      : Turning off sentry
2023-11-06 10:18:48.103  INFO 22604 --- [main] io.undertow                              : starting server: Undertow - 2.2.16.Final
2023-11-06 10:18:48.111  INFO 22604 --- [main] org.xnio                                 : XNIO version 3.8.6.Final
2023-11-06 10:18:48.128  INFO 22604 --- [main] org.xnio.nio                             : XNIO NIO Implementation Version 3.8.6.Final
2023-11-06 10:18:48.219  INFO 22604 --- [main] org.jboss.threads                        : JBoss Threads version 3.1.0.Final
2023-11-06 10:18:48.261  INFO 22604 --- [main] o.s.b.w.e.undertow.UndertowWebServer     : Undertow started on port(s) 2333 (http)
2023-11-06 10:18:48.269  INFO 22604 --- [main] lavalink.server.Launcher                 : Started Launcher in 4.578 seconds (JVM running for 7.011)
2023-11-06 10:18:48.269  INFO 22604 --- [main] lavalink.server.Launcher                 : Lavalink is ready to accept connections.
2023-11-06 10:19:03.508  INFO 22604 --- [XNIO-1 task-1] io.undertow.servlet                      : Initializing Spring DispatcherServlet 'dispatcherServlet'
2023-11-06 10:19:03.526  INFO 22604 --- [XNIO-1 task-1] o.s.web.servlet.DispatcherServlet        : Initializing Servlet 'dispatcherServlet'
2023-11-06 10:19:03.533  INFO 22604 --- [XNIO-1 task-1] o.s.web.servlet.DispatcherServlet        : Completed initialization in 5 ms
2023-11-06 10:19:03.591  INFO 22604 --- [XNIO-1 task-1] l.server.io.HandshakeInterceptorImpl     : Incoming connection from /0:0:0:0:0:0:0:1:62768
2023-11-06 10:19:03.666  INFO 22604 --- [XNIO-1 task-1] lavalink.server.io.RequestLoggingFilter  : GET /, client=0:0:0:0:0:0:0:1
2023-11-06 10:19:03.792  INFO 22604 --- [XNIO-1 task-2] lavalink.server.io.RequestLoggingFilter  : GET /version, client=127.0.0.1
2023-11-06 10:19:04.298  INFO 22604 --- [XNIO-1 task-1] lavalink.server.io.SocketServer          : Connection successfully established from Wavelink/2.6.4
2023-11-06 10:19:16.556  INFO 22604 --- [XNIO-1 task-1] lavalink.server.io.RequestLoggingFilter  : PATCH /v3/sessions/4ifz5wxxioj7rq59/players/1146039248252833856, client=127.0.0.1, payload={"voice": {"sessionId": "807ed07d8fbdf04cc80f5fcbf15f24ea", "token": "2fea40ea86de353b", "endpoint": "hongkong9279.discord.media:443"}}
2023-11-06 10:24:34.187  INFO 22604 --- [XNIO-1 I/O-6] lavalink.server.io.SocketServer          : Connection closed from /0:0:0:0:0:0:0:1:62768 -- CloseStatus[code=1006, reason=]
2023-11-06 10:24:34.187  INFO 22604 --- [XNIO-1 I/O-6] lavalink.server.io.SocketContext         : Shutting down 0 playing players.
2023-11-06 10:24:51.703  INFO 22604 --- [XNIO-1 task-1] l.server.io.HandshakeInterceptorImpl     : Incoming connection from /0:0:0:0:0:0:0:1:62885
2023-11-06 10:24:51.711  INFO 22604 --- [XNIO-1 task-1] lavalink.server.io.RequestLoggingFilter  : GET /, client=0:0:0:0:0:0:0:1
2023-11-06 10:24:51.714  INFO 22604 --- [XNIO-1 task-1] lavalink.server.io.SocketServer          : Connection successfully established from Wavelink/2.6.4
2023-11-06 10:24:51.714  INFO 22604 --- [XNIO-1 task-1] lavalink.server.io.RequestLoggingFilter  : GET /version, client=127.0.0.1
2023-11-06 10:26:01.805  INFO 22604 --- [XNIO-1 I/O-8] lavalink.server.io.SocketServer          : Connection closed from /0:0:0:0:0:0:0:1:62885 -- CloseStatus[code=1006, reason=]
2023-11-06 10:26:01.806  INFO 22604 --- [XNIO-1 I/O-8] lavalink.server.io.SocketContext         : Shutting down 0 playing players.
2023-11-06 10:26:17.237  INFO 22604 --- [XNIO-1 task-1] l.server.io.HandshakeInterceptorImpl     : Incoming connection from /0:0:0:0:0:0:0:1:62906
2023-11-06 10:26:17.243  INFO 22604 --- [XNIO-1 task-1] lavalink.server.io.RequestLoggingFilter  : GET /, client=0:0:0:0:0:0:0:1
2023-11-06 10:26:17.247  INFO 22604 --- [XNIO-1 task-1] lavalink.server.io.SocketServer          : Connection successfully established from Wavelink/2.6.4
2023-11-06 10:26:17.252  INFO 22604 --- [XNIO-1 task-2] lavalink.server.io.RequestLoggingFilter  : GET /version, client=127.0.0.1
2023-11-06 10:27:13.404  INFO 22604 --- [XNIO-1 I/O-7] lavalink.server.io.SocketServer          : Connection closed from /0:0:0:0:0:0:0:1:62906 -- CloseStatus[code=1006, reason=]
2023-11-06 10:27:13.406  INFO 22604 --- [XNIO-1 I/O-7] lavalink.server.io.SocketContext         : Shutting down 0 playing players.
2023-11-06 10:27:29.124  INFO 22604 --- [XNIO-1 task-2] l.server.io.HandshakeInterceptorImpl     : Incoming connection from /0:0:0:0:0:0:0:1:62922
2023-11-06 10:27:29.124  INFO 22604 --- [XNIO-1 task-2] lavalink.server.io.RequestLoggingFilter  : GET /, client=0:0:0:0:0:0:0:1
2023-11-06 10:27:29.132  INFO 22604 --- [XNIO-1 task-2] lavalink.server.io.SocketServer          : Connection successfully established from Wavelink/2.6.4
2023-11-06 10:27:29.132  INFO 22604 --- [XNIO-1 task-1] lavalink.server.io.RequestLoggingFilter  : GET /version, client=127.0.0.1
2023-11-06 10:50:10.020  INFO 22604 --- [XNIO-1 task-1] l.server.io.HandshakeInterceptorImpl     : Incoming connection from /0:0:0:0:0:0:0:1:51341
2023-11-06 10:50:10.028  INFO 22604 --- [XNIO-1 task-1] lavalink.server.io.RequestLoggingFilter  : GET /, client=0:0:0:0:0:0:0:1
2023-11-06 10:50:10.037  INFO 22604 --- [XNIO-1 task-1] lavalink.server.io.SocketServer          : Connection successfully established from Wavelink/2.6.4
2023-11-06 10:50:10.042  INFO 22604 --- [XNIO-1 task-2] lavalink.server.io.RequestLoggingFilter  : GET /version, client=127.0.0.1
